This is pdfTeX, Version 3.1415926-1.40.10 (TeX Live 2009) (format=pdflatex 2009.12.15)  27 JAN 2012 16:21
entering extended mode
 \write18 enabled.
 %&-line parsing enabled.
**lingviz.tex
(./lingviz.tex
LaTeX2e <2009/09/24>
Babel <v3.8l> and hyphenation patterns for english, usenglishmax, dumylang, noh
yphenation, german-x-2009-06-19, ngerman-x-2009-06-19, ancientgreek, ibycus, ar
abic, basque, bulgarian, catalan, pinyin, coptic, croatian, czech, danish, dutc
h, esperanto, estonian, farsi, finnish, french, galician, german, ngerman, mono
greek, greek, hungarian, icelandic, indonesian, interlingua, irish, italian, ku
rmanji, latin, latvian, lithuanian, mongolian, mongolian2a, bokmal, nynorsk, po
lish, portuguese, romanian, russian, sanskrit, serbian, slovak, slovenian, span
ish, swedish, turkish, ukenglish, ukrainian, uppersorbian, welsh, loaded.
(/usr/local/texlive/2009/texmf-dist/tex/latex/base/article.cls
Document Class: article 2007/10/19 v1.4h Standard LaTeX document class
(/usr/local/texlive/2009/texmf-dist/tex/latex/base/size11.clo
File: size11.clo 2007/10/19 v1.4h Standard LaTeX file (size option)
)
\c@part=\count79
\c@section=\count80
\c@subsection=\count81
\c@subsubsection=\count82
\c@paragraph=\count83
\c@subparagraph=\count84
\c@figure=\count85
\c@table=\count86
\abovecaptionskip=\skip41
\belowcaptionskip=\skip42
\bibindent=\dimen102
)
(/Users/richardlittauer/Library/texmf/tex/eacl2012.sty
Conference Style for EACL 2012 -- released Sept 11, 2011
\titlebox=\skip43
) (/usr/local/texlive/2009/texmf-dist/tex/latex/psnfss/times.sty
Package: times 2005/04/12 PSNFSS-v9.2a (SPQR) 
)
(/usr/local/texlive/2009/texmf-dist/tex/latex/base/latexsym.sty
Package: latexsym 1998/08/17 v2.2e Standard LaTeX package (lasy symbols)
\symlasy=\mathgroup4
LaTeX Font Info:    Overwriting symbol font `lasy' in version `bold'
(Font)                  U/lasy/m/n --> U/lasy/b/n on input line 47.
)
(/usr/local/texlive/2009/texmf-dist/tex/latex/amsmath/amsmath.sty
Package: amsmath 2000/07/18 v2.13 AMS math features
\@mathmargin=\skip44

For additional information on amsmath, use the `?' option.
(/usr/local/texlive/2009/texmf-dist/tex/latex/amsmath/amstext.sty
Package: amstext 2000/06/29 v2.01

(/usr/local/texlive/2009/texmf-dist/tex/latex/amsmath/amsgen.sty
File: amsgen.sty 1999/11/30 v2.0
\@emptytoks=\toks14
\ex@=\dimen103
))
(/usr/local/texlive/2009/texmf-dist/tex/latex/amsmath/amsbsy.sty
Package: amsbsy 1999/11/29 v1.2d
\pmbraise@=\dimen104
)
(/usr/local/texlive/2009/texmf-dist/tex/latex/amsmath/amsopn.sty
Package: amsopn 1999/12/14 v2.01 operator names
)
\inf@bad=\count87
LaTeX Info: Redefining \frac on input line 211.
\uproot@=\count88
\leftroot@=\count89
LaTeX Info: Redefining \overline on input line 307.
\classnum@=\count90
\DOTSCASE@=\count91
LaTeX Info: Redefining \ldots on input line 379.
LaTeX Info: Redefining \dots on input line 382.
LaTeX Info: Redefining \cdots on input line 467.
\Mathstrutbox@=\box26
\strutbox@=\box27
\big@size=\dimen105
LaTeX Font Info:    Redeclaring font encoding OML on input line 567.
LaTeX Font Info:    Redeclaring font encoding OMS on input line 568.
\macc@depth=\count92
\c@MaxMatrixCols=\count93
\dotsspace@=\muskip10
\c@parentequation=\count94
\dspbrk@lvl=\count95
\tag@help=\toks15
\row@=\count96
\column@=\count97
\maxfields@=\count98
\andhelp@=\toks16
\eqnshift@=\dimen106
\alignsep@=\dimen107
\tagshift@=\dimen108
\tagwidth@=\dimen109
\totwidth@=\dimen110
\lineht@=\dimen111
\@envbody=\toks17
\multlinegap=\skip45
\multlinetaggap=\skip46
\mathdisplay@stack=\toks18
LaTeX Info: Redefining \[ on input line 2666.
LaTeX Info: Redefining \] on input line 2667.
)
(/usr/local/texlive/2009/texmf-dist/tex/latex/multirow/multirow.sty
\bigstrutjot=\dimen112
)
(/usr/local/texlive/2009/texmf-dist/tex/latex/ltxmisc/url.sty
\Urlmuskip=\muskip11
Package: url 2006/04/12  ver 3.3  Verb mode for urls, etc.
)
No file lingviz.aux.
\openout1 = `lingviz.aux'.

LaTeX Font Info:    Checking defaults for OML/cmm/m/it on input line 30.
LaTeX Font Info:    ... okay on input line 30.
LaTeX Font Info:    Checking defaults for T1/cmr/m/n on input line 30.
LaTeX Font Info:    ... okay on input line 30.
LaTeX Font Info:    Checking defaults for OT1/cmr/m/n on input line 30.
LaTeX Font Info:    ... okay on input line 30.
LaTeX Font Info:    Checking defaults for OMS/cmsy/m/n on input line 30.
LaTeX Font Info:    ... okay on input line 30.
LaTeX Font Info:    Checking defaults for OMX/cmex/m/n on input line 30.
LaTeX Font Info:    ... okay on input line 30.
LaTeX Font Info:    Checking defaults for U/cmr/m/n on input line 30.
LaTeX Font Info:    ... okay on input line 30.
LaTeX Font Info:    Try loading font information for OT1+ptm on input line 30.
(/usr/local/texlive/2009/texmf-dist/tex/latex/psnfss/ot1ptm.fd
File: ot1ptm.fd 2001/06/04 font definitions for OT1/ptm.
)
LaTeX Font Info:    Font shape `OT1/ptm/bx/n' in size <14.4> not available
(Font)              Font shape `OT1/ptm/b/n' tried instead on input line 31.
LaTeX Font Info:    Try loading font information for U+lasy on input line 31.

(/usr/local/texlive/2009/texmf-dist/tex/latex/base/ulasy.fd
File: ulasy.fd 1998/08/17 v2.2e LaTeX symbol font definitions
)
LaTeX Font Info:    Font shape `OT1/ptm/bx/n' in size <12> not available
(Font)              Font shape `OT1/ptm/b/n' tried instead on input line 31.
LaTeX Font Info:    Try loading font information for OT1+pcr on input line 31.

(/usr/local/texlive/2009/texmf-dist/tex/latex/psnfss/ot1pcr.fd
File: ot1pcr.fd 2001/06/04 font definitions for OT1/pcr.
)
LaTeX Font Info:    Font shape `OT1/ptm/bx/n' in size <10.95> not available
(Font)              Font shape `OT1/ptm/b/n' tried instead on input line 45.

Underfull \hbox (badness 3439) in paragraph at lines 42--46
\OT1/ptm/m/n/10.95 Au-thors are re-quired to pro-vide a Portable
 []


Underfull \hbox (badness 1337) in paragraph at lines 42--46
\OT1/ptm/m/n/10.95 to word-processing sys-tems is lim-ited should
 []


Underfull \hbox (badness 10000) in paragraph at lines 42--46
\OT1/ptm/m/n/10.95 (\OT1/pcr/m/n/10.95 fabrice.lefevre@univ-avignon.fr\OT1/ptm/
m/n/10.95 )
 []


Underfull \hbox (badness 10000) in paragraph at lines 42--46
\OT1/ptm/m/n/10.95 and Adri[]a de Gis-pert
 []


Underfull \hbox (badness 10000) in paragraph at lines 42--46
\OT1/ptm/m/n/10.95 (\OT1/pcr/m/n/10.95 ad465@eng.cam.ac.uk\OT1/ptm/m/n/10.95 ) 
as soon as
 []


LaTeX Warning: Reference `ssec:first' on page 1 undefined on input line 52.


Underfull \hbox (badness 1038) in paragraph at lines 50--54
\OT1/ptm/m/n/10.95 ti-tle, au-thors' names and com-plete ad-dresses,
 []

[1{/usr/local/texlive/2009/texmf-var/fonts/map/pdftex/updmap/pdftex.map}




]
LaTeX Font Info:    Try loading font information for OMS+ptm on input line 97.

(/usr/local/texlive/2009/texmf-dist/tex/latex/psnfss/omsptm.fd
File: omsptm.fd 
)
LaTeX Font Info:    Font shape `OMS/ptm/m/n' in size <10.95> not available
(Font)              Font shape `OMS/cmsy/m/n' tried instead on input line 97.


LaTeX Warning: Reference `font-table' on page 2 undefined on input line 152.

[2]

LaTeX Warning: Reference `sect:pdf' on page 3 undefined on input line 179.


LaTeX Warning: Citation `Gusfield:97' on page 3 undefined on input line 192.


LaTeX Warning: Citation `Gusfield:97' on page 3 undefined on input line 193.


LaTeX Warning: Citation `Aho:72' on page 3 undefined on input line 193.


LaTeX Warning: Citation `Chandra:81' on page 3 undefined on input line 193.


LaTeX Warning: Citation `Gusfield:97' on page 3 undefined on input line 193.


LaTeX Warning: Citation `Aho:72' on page 3 undefined on input line 193.


LaTeX Warning: Citation `Gusfield:97' on page 3 undefined on input line 195.


LaTeX Warning: Citation `Gusfield:97' on page 3 undefined on input line 199.


LaTeX Warning: Citation `Gusfield:97' on page 3 undefined on input line 209.


LaTeX Warning: Citation `Gusfield:97' on page 3 undefined on input line 213.


LaTeX Warning: Citation `APA:83' on page 3 undefined on input line 228.


LaTeX Warning: Citation `ACM:83' on page 3 undefined on input line 231.

[3]
Underfull \hbox (badness 1092) in paragraph at lines 285--290
\OT1/ptm/m/n/10.95 will be pub-licly avail-able at ACL An-thol-ogy
 []

[4] (./lingviz.aux)

LaTeX Warning: There were undefined references.


LaTeX Warning: Label(s) may have changed. Rerun to get cross-references right.

 ) 
Here is how much of TeX's memory you used:
 1106 strings out of 493848
 13459 string characters out of 3149206
 70987 words of memory out of 3000000
 4387 multiletter control sequences out of 15000+200000
 29483 words of font info for 68 fonts, out of 3000000 for 9000
 714 hyphenation exceptions out of 8191
 27i,10n,20p,806b,265s stack positions out of 5000i,500n,10000p,200000b,50000s
{/usr/local/texlive/2009/texmf-dist/fonts/enc/dvips/base/8r.enc}</usr/local/t
exlive/2009/texmf-dist/fonts/type1/public/amsfonts/cm/cmsy10.pfb></usr/local/te
xlive/2009/texmf-dist/fonts/type1/urw/courier/ucrr8a.pfb></usr/local/texlive/20
09/texmf-dist/fonts/type1/urw/times/utmb8a.pfb></usr/local/texlive/2009/texmf-d
ist/fonts/type1/urw/times/utmr8a.pfb></usr/local/texlive/2009/texmf-dist/fonts/
type1/urw/times/utmri8a.pfb>
Output written on lingviz.pdf (4 pages, 87600 bytes).
PDF statistics:
 36 PDF objects out of 1000 (max. 8388607)
 0 named destinations out of 1000 (max. 500000)
 1 words of extra memory for PDF output out of 10000 (max. 10000000)

